<?xml version="1.0" encoding="UTF-8"?>
<!-- Generated by org.testng.reporters.JUnitReportReporter -->
<testsuite skipped="0" hostname="artdsktp235" name="qa.mobile.test1" tests="1" failures="0" timestamp="2022-04-14T11:24:47 IST" time="175.592" errors="0">
  <testcase name="Test" time="175.592" classname="qa.mobile.test1"/>
  <system-out/>
</testsuite> <!-- qa.mobile.test1 -->
